<?xml version="1.0" encoding="UTF-8"?>
<testsuite xmlns:xsi="http://www.w3.org/2001/XMLSchema-instance" xsi:noNamespaceSchemaLocation="https://maven.apache.org/surefire/maven-surefire-plugin/xsd/surefire-test-report-3.0.xsd" version="3.0" name="com.example.exercise4.NumberValidatorTest" time="0.0" tests="6" errors="0" skipped="0" failures="0">
  <properties>
    <property name="java.specification.version" value="21"/>
    <property name="sun.cpu.isalist" value="amd64"/>
    <property name="sun.jnu.encoding" value="Cp1252"/>
    <property name="java.class.path" value="C:\Users\sksan\OneDrive\Desktop\Digital_Nurture_4\week2\JUnit,Mockito and SL4J\MyJavaProject\target\test-classes;C:\Users\sksan\OneDrive\Desktop\Digital_Nurture_4\week2\JUnit,Mockito and SL4J\MyJavaProject\target\classes;C:\Users\sksan\.m2\repository\junit\junit\4.13.2\junit-4.13.2.jar;C:\Users\sksan\.m2\repository\org\hamcrest\hamcrest-core\1.3\hamcrest-core-1.3.jar;"/>
    <property name="java.vm.vendor" value="Oracle Corporation"/>
    <property name="sun.arch.data.model" value="64"/>
    <property name="user.variant" value=""/>
    <property name="java.vendor.url" value="https://java.oracle.com/"/>
    <property name="user.timezone" value="Asia/Calcutta"/>
    <property name="os.name" value="Windows 11"/>
    <property name="java.vm.specification.version" value="21"/>
    <property name="sun.java.launcher" value="SUN_STANDARD"/>
    <property name="user.country" value="US"/>
    <property name="sun.boot.library.path" value="C:\Program Files\Java\jdk-21\bin"/>
    <property name="sun.java.command" value="C:\Users\sksan\AppData\Local\Temp\surefire13224392073220260831\surefirebooter-20250627170120860_3.jar C:\Users\sksan\AppData\Local\Temp\surefire13224392073220260831 2025-06-27T17-01-20_750-jvmRun1 surefire-20250627170120860_1tmp surefire_0-20250627170120860_2tmp"/>
    <property name="jdk.debug" value="release"/>
    <property name="surefire.test.class.path" value="C:\Users\sksan\OneDrive\Desktop\Digital_Nurture_4\week2\JUnit,Mockito and SL4J\MyJavaProject\target\test-classes;C:\Users\sksan\OneDrive\Desktop\Digital_Nurture_4\week2\JUnit,Mockito and SL4J\MyJavaProject\target\classes;C:\Users\sksan\.m2\repository\junit\junit\4.13.2\junit-4.13.2.jar;C:\Users\sksan\.m2\repository\org\hamcrest\hamcrest-core\1.3\hamcrest-core-1.3.jar;"/>
    <property name="sun.cpu.endian" value="little"/>
    <property name="user.home" value="C:\Users\sksan"/>
    <property name="user.language" value="en"/>
    <property name="java.specification.vendor" value="Oracle Corporation"/>
    <property name="java.version.date" value="2024-10-15"/>
    <property name="java.home" value="C:\Program Files\Java\jdk-21"/>
    <property name="file.separator" value="\"/>
    <property name="basedir" value="C:\Users\sksan\OneDrive\Desktop\Digital_Nurture_4\week2\JUnit,Mockito and SL4J\MyJavaProject"/>
    <property name="java.vm.compressedOopsMode" value="32-bit"/>
    <property name="line.separator" value="&#10;"/>
    <property name="java.vm.specification.vendor" value="Oracle Corporation"/>
    <property name="java.specification.name" value="Java Platform API Specification"/>
    <property name="surefire.real.class.path" value="C:\Users\sksan\AppData\Local\Temp\surefire13224392073220260831\surefirebooter-20250627170120860_3.jar"/>
    <property name="user.script" value=""/>
    <property name="sun.management.compiler" value="HotSpot 64-Bit Tiered Compilers"/>
    <property name="java.runtime.version" value="21.0.5+9-LTS-239"/>
    <property name="user.name" value="sksan"/>
    <property name="stdout.encoding" value="Cp1252"/>
    <property name="path.separator" value=";"/>
    <property name="os.version" value="10.0"/>
    <property name="java.runtime.name" value="Java(TM) SE Runtime Environment"/>
    <property name="file.encoding" value="UTF-8"/>
    <property name="java.vm.name" value="Java HotSpot(TM) 64-Bit Server VM"/>
    <property name="localRepository" value="C:\Users\sksan\.m2\repository"/>
    <property name="java.vendor.url.bug" value="https://bugreport.java.com/bugreport/"/>
    <property name="java.io.tmpdir" value="C:\Users\sksan\AppData\Local\Temp\"/>
    <property name="java.version" value="21.0.5"/>
    <property name="user.dir" value="C:\Users\sksan\OneDrive\Desktop\Digital_Nurture_4\week2\JUnit,Mockito and SL4J\MyJavaProject"/>
    <property name="os.arch" value="amd64"/>
    <property name="java.vm.specification.name" value="Java Virtual Machine Specification"/>
    <property name="sun.os.patch.level" value=""/>
    <property name="native.encoding" value="Cp1252"/>
    <property name="java.library.path" value="C:\Program Files\Java\jdk-21\bin;C:\WINDOWS\Sun\Java\bin;C:\WINDOWS\system32;C:\WINDOWS;c:\Users\sksan\AppData\Local\Programs\cursor\resources\app\bin;C:\Program Files\Common Files\Oracle\Java\javapath;C:\Windows\system32;C:\Windows;C:\Windows\System32\Wbem;C:\Windows\System32\WindowsPowerShell\v1.0\;C:\Windows\System32\OpenSSH\;C:\Program Files (x86)\NVIDIA Corporation\PhysX\Common;C:\Program Files\NVIDIA Corporation\NVIDIA NvDLISR;C:\WINDOWS\system32;C:\WINDOWS;C:\WINDOWS\System32\Wbem;C:\WINDOWS\System32\WindowsPowerShell\v1.0\;C:\WINDOWS\System32\OpenSSH\;C:\Program Files\dotnet\;C:\Program Files\Java\jdk-21\bin;C:\MinGW\bin;C:\Users\sksan\Downloads\apache-maven-3.9.9-bin\apache-maven-3.9.9\bin;C:\Program Files\MongoDB\mongosh-2.3.8-win32-x64\bin;C:\Program Files\MongoDB\Server\8.0\bin;C:\Program Files\Git\cmd;C:\Program Files\Tesseract-OCR;C:\Users\sksan\AppData\Lo;C:\Users\sksan\Downloads\apache-maven-3.9.10-bin\apache-maven-3.9.10\bin;C:\Users\sksan\AppData\Local\Microsoft\WindowsApps;;C:\Program Files\JetBrains\IntelliJ IDEA Community Edition 2024.3.1.1\bin;;C:\Users\sksan\AppData\Local\Programs\Microsoft VS Code\bin;C:\Users\sksan\AppData\Local\Programs\cursor\resources\app\bin;."/>
    <property name="java.vm.info" value="mixed mode, sharing"/>
    <property name="stderr.encoding" value="Cp1252"/>
    <property name="java.vendor" value="Oracle Corporation"/>
    <property name="java.vm.version" value="21.0.5+9-LTS-239"/>
    <property name="sun.io.unicode.encoding" value="UnicodeLittle"/>
    <property name="java.class.version" value="65.0"/>
  </properties>
  <testcase name="testZero" classname="com.example.exercise4.NumberValidatorTest" time="0.0"/>
  <testcase name="testCategorizePositive" classname="com.example.exercise4.NumberValidatorTest" time="0.0"/>
  <testcase name="testCategorizeNegative" classname="com.example.exercise4.NumberValidatorTest" time="0.0"/>
  <testcase name="testCategorizeZero" classname="com.example.exercise4.NumberValidatorTest" time="0.0"/>
  <testcase name="testNegativeNumber" classname="com.example.exercise4.NumberValidatorTest" time="0.0"/>
  <testcase name="testPositiveNumber" classname="com.example.exercise4.NumberValidatorTest" time="0.0"/>
</testsuite>